{"E:\\Dropbox\\dev\\43_RSSchool\\st3react\\rs-react-app\\src\\App.tsx": {"path":"E:\\Dropbox\\dev\\43_RSSchool\\st3react\\rs-react-app\\src\\App.tsx","all":true,"statementMap":{"1":{"start":{"line":2,"column":0},"end":{"line":2,"column":55}},"2":{"start":{"line":3,"column":0},"end":{"line":3,"column":19}},"3":{"start":{"line":4,"column":0},"end":{"line":4,"column":49}},"4":{"start":{"line":5,"column":0},"end":{"line":5,"column":45}},"5":{"start":{"line":6,"column":0},"end":{"line":6,"column":57}},"7":{"start":{"line":8,"column":0},"end":{"line":8,"column":29}},"8":{"start":{"line":9,"column":0},"end":{"line":9,"column":10}},"9":{"start":{"line":10,"column":0},"end":{"line":10,"column":6}},"10":{"start":{"line":11,"column":0},"end":{"line":11,"column":14}},"11":{"start":{"line":12,"column":0},"end":{"line":12,"column":70}},"12":{"start":{"line":13,"column":0},"end":{"line":13,"column":53}},"13":{"start":{"line":14,"column":0},"end":{"line":14,"column":52}},"14":{"start":{"line":15,"column":0},"end":{"line":15,"column":16}},"16":{"start":{"line":17,"column":0},"end":{"line":17,"column":49}},"17":{"start":{"line":18,"column":0},"end":{"line":18,"column":15}},"18":{"start":{"line":19,"column":0},"end":{"line":19,"column":7}},"20":{"start":{"line":21,"column":0},"end":{"line":21,"column":2}},"22":{"start":{"line":23,"column":0},"end":{"line":23,"column":19}}},"s":{"1":0,"2":0,"3":0,"4":0,"5":0,"7":0,"8":0,"9":0,"10":0,"11":0,"12":0,"13":0,"14":0,"16":0,"17":0,"18":0,"20":0,"22":0},"branchMap":{"0":{"type":"branch","line":1,"loc":{"start":{"line":1,"column":303},"end":{"line":23,"column":-344}},"locations":[{"start":{"line":1,"column":303},"end":{"line":23,"column":-344}}]}},"b":{"0":[1]},"fnMap":{"0":{"name":"(empty-report)","decl":{"start":{"line":1,"column":303},"end":{"line":23,"column":-344}},"loc":{"start":{"line":1,"column":303},"end":{"line":23,"column":-344}},"line":1}},"f":{"0":1}}
,"E:\\Dropbox\\dev\\43_RSSchool\\st3react\\rs-react-app\\src\\main.tsx": {"path":"E:\\Dropbox\\dev\\43_RSSchool\\st3react\\rs-react-app\\src\\main.tsx","all":true,"statementMap":{"0":{"start":{"line":1,"column":0},"end":{"line":1,"column":35}},"1":{"start":{"line":2,"column":0},"end":{"line":2,"column":46}},"2":{"start":{"line":3,"column":0},"end":{"line":3,"column":21}},"3":{"start":{"line":4,"column":0},"end":{"line":4,"column":59}},"4":{"start":{"line":5,"column":0},"end":{"line":5,"column":45}},"5":{"start":{"line":6,"column":0},"end":{"line":6,"column":28}},"7":{"start":{"line":8,"column":0},"end":{"line":8,"column":52}},"9":{"start":{"line":10,"column":0},"end":{"line":10,"column":56}},"10":{"start":{"line":11,"column":0},"end":{"line":11,"column":33}},"11":{"start":{"line":12,"column":0},"end":{"line":12,"column":16}},"12":{"start":{"line":13,"column":0},"end":{"line":13,"column":21}},"13":{"start":{"line":14,"column":0},"end":{"line":14,"column":23}},"14":{"start":{"line":15,"column":0},"end":{"line":15,"column":17}},"15":{"start":{"line":16,"column":0},"end":{"line":16,"column":24}},"16":{"start":{"line":17,"column":0},"end":{"line":17,"column":22}},"17":{"start":{"line":18,"column":0},"end":{"line":18,"column":17}},"18":{"start":{"line":19,"column":0},"end":{"line":19,"column":4}},"19":{"start":{"line":20,"column":0},"end":{"line":20,"column":1}}},"s":{"0":0,"1":0,"2":0,"3":0,"4":0,"5":0,"7":0,"9":0,"10":0,"11":0,"12":0,"13":0,"14":0,"15":0,"16":0,"17":0,"18":0,"19":0},"branchMap":{"0":{"type":"branch","line":1,"loc":{"start":{"line":1,"column":459},"end":{"line":20,"column":-328}},"locations":[{"start":{"line":1,"column":459},"end":{"line":20,"column":-328}}]}},"b":{"0":[0]},"fnMap":{"0":{"name":"(empty-report)","decl":{"start":{"line":1,"column":459},"end":{"line":20,"column":-328}},"loc":{"start":{"line":1,"column":459},"end":{"line":20,"column":-328}},"line":1}},"f":{"0":0}}
,"E:\\Dropbox\\dev\\43_RSSchool\\st3react\\rs-react-app\\src\\components\\Card.tsx": {"path":"E:\\Dropbox\\dev\\43_RSSchool\\st3react\\rs-react-app\\src\\components\\Card.tsx","all":false,"statementMap":{"1":{"start":{"line":2,"column":0},"end":{"line":2,"column":53}},"7":{"start":{"line":8,"column":0},"end":{"line":8,"column":39}},"8":{"start":{"line":9,"column":0},"end":{"line":9,"column":60}},"9":{"start":{"line":10,"column":0},"end":{"line":10,"column":42}},"10":{"start":{"line":11,"column":0},"end":{"line":11,"column":40}},"12":{"start":{"line":13,"column":0},"end":{"line":13,"column":48}},"13":{"start":{"line":14,"column":0},"end":{"line":14,"column":23}},"14":{"start":{"line":15,"column":0},"end":{"line":15,"column":21}},"15":{"start":{"line":16,"column":0},"end":{"line":16,"column":25}},"16":{"start":{"line":17,"column":0},"end":{"line":17,"column":23}},"17":{"start":{"line":18,"column":0},"end":{"line":18,"column":24}},"18":{"start":{"line":19,"column":0},"end":{"line":19,"column":7}},"19":{"start":{"line":20,"column":0},"end":{"line":20,"column":4}},"21":{"start":{"line":22,"column":0},"end":{"line":22,"column":10}},"22":{"start":{"line":23,"column":0},"end":{"line":23,"column":6}},"23":{"start":{"line":24,"column":0},"end":{"line":24,"column":35}},"24":{"start":{"line":25,"column":0},"end":{"line":25,"column":42}},"25":{"start":{"line":26,"column":0},"end":{"line":26,"column":15}},"26":{"start":{"line":27,"column":0},"end":{"line":27,"column":33}},"27":{"start":{"line":28,"column":0},"end":{"line":28,"column":67}},"29":{"start":{"line":30,"column":0},"end":{"line":30,"column":23}},"30":{"start":{"line":31,"column":0},"end":{"line":31,"column":17}},"31":{"start":{"line":32,"column":0},"end":{"line":32,"column":13}},"32":{"start":{"line":33,"column":0},"end":{"line":33,"column":49}},"33":{"start":{"line":34,"column":0},"end":{"line":34,"column":15}},"34":{"start":{"line":35,"column":0},"end":{"line":35,"column":33}},"35":{"start":{"line":36,"column":0},"end":{"line":36,"column":67}},"37":{"start":{"line":38,"column":0},"end":{"line":38,"column":30}},"38":{"start":{"line":39,"column":0},"end":{"line":39,"column":17}},"39":{"start":{"line":40,"column":0},"end":{"line":40,"column":13}},"40":{"start":{"line":41,"column":0},"end":{"line":41,"column":11}},"41":{"start":{"line":42,"column":0},"end":{"line":42,"column":7}},"43":{"start":{"line":44,"column":0},"end":{"line":44,"column":2}},"45":{"start":{"line":46,"column":0},"end":{"line":46,"column":20}}},"s":{"1":1,"7":1,"8":11,"9":11,"10":11,"12":11,"13":0,"14":0,"15":0,"16":0,"17":0,"18":0,"19":0,"21":11,"22":11,"23":11,"24":11,"25":11,"26":11,"27":11,"29":11,"30":11,"31":11,"32":11,"33":11,"34":11,"35":11,"37":11,"38":11,"39":11,"40":11,"41":11,"43":11,"45":1},"branchMap":{"0":{"type":"branch","line":8,"loc":{"start":{"line":8,"column":13},"end":{"line":44,"column":2}},"locations":[{"start":{"line":8,"column":13},"end":{"line":44,"column":2}}]}},"b":{"0":[11]},"fnMap":{"0":{"name":"Card","decl":{"start":{"line":8,"column":13},"end":{"line":44,"column":2}},"loc":{"start":{"line":8,"column":13},"end":{"line":44,"column":2}},"line":8},"1":{"name":"handleClick","decl":{"start":{"line":13,"column":22},"end":{"line":20,"column":4}},"loc":{"start":{"line":13,"column":22},"end":{"line":20,"column":4}},"line":13}},"f":{"0":11,"1":0}}
,"E:\\Dropbox\\dev\\43_RSSchool\\st3react\\rs-react-app\\src\\components\\CardList.tsx": {"path":"E:\\Dropbox\\dev\\43_RSSchool\\st3react\\rs-react-app\\src\\components\\CardList.tsx","all":false,"statementMap":{"0":{"start":{"line":1,"column":0},"end":{"line":1,"column":26}},"1":{"start":{"line":2,"column":0},"end":{"line":2,"column":26}},"3":{"start":{"line":4,"column":0},"end":{"line":4,"column":38}},"9":{"start":{"line":10,"column":0},"end":{"line":10,"column":48}},"10":{"start":{"line":11,"column":0},"end":{"line":11,"column":10}},"11":{"start":{"line":12,"column":0},"end":{"line":12,"column":33}},"12":{"start":{"line":13,"column":0},"end":{"line":13,"column":42}},"13":{"start":{"line":14,"column":0},"end":{"line":14,"column":45}},"14":{"start":{"line":15,"column":0},"end":{"line":15,"column":57}},"15":{"start":{"line":16,"column":0},"end":{"line":16,"column":71}},"16":{"start":{"line":17,"column":0},"end":{"line":17,"column":13}},"17":{"start":{"line":18,"column":0},"end":{"line":18,"column":14}},"18":{"start":{"line":19,"column":0},"end":{"line":19,"column":40}},"19":{"start":{"line":20,"column":0},"end":{"line":20,"column":30}},"20":{"start":{"line":21,"column":0},"end":{"line":21,"column":41}},"21":{"start":{"line":22,"column":0},"end":{"line":22,"column":32}},"22":{"start":{"line":23,"column":0},"end":{"line":23,"column":27}},"23":{"start":{"line":24,"column":0},"end":{"line":24,"column":11}},"24":{"start":{"line":25,"column":0},"end":{"line":25,"column":18}},"25":{"start":{"line":26,"column":0},"end":{"line":26,"column":14}},"26":{"start":{"line":27,"column":0},"end":{"line":27,"column":12}},"28":{"start":{"line":29,"column":0},"end":{"line":29,"column":2}},"30":{"start":{"line":31,"column":0},"end":{"line":31,"column":24}}},"s":{"0":1,"1":1,"3":1,"9":1,"10":5,"11":5,"12":5,"13":5,"14":5,"15":5,"16":5,"17":5,"18":5,"19":5,"20":7,"21":7,"22":7,"23":5,"24":5,"25":5,"26":5,"28":5,"30":1},"branchMap":{"0":{"type":"branch","line":10,"loc":{"start":{"line":10,"column":17},"end":{"line":29,"column":2}},"locations":[{"start":{"line":10,"column":17},"end":{"line":29,"column":2}}]},"1":{"type":"branch","line":20,"loc":{"start":{"line":20,"column":19},"end":{"line":23,"column":27}},"locations":[{"start":{"line":20,"column":19},"end":{"line":23,"column":27}}]}},"b":{"0":[5],"1":[7]},"fnMap":{"0":{"name":"CardList","decl":{"start":{"line":10,"column":17},"end":{"line":29,"column":2}},"loc":{"start":{"line":10,"column":17},"end":{"line":29,"column":2}},"line":10}},"f":{"0":5}}
,"E:\\Dropbox\\dev\\43_RSSchool\\st3react\\rs-react-app\\src\\components\\DetailsPanel.tsx": {"path":"E:\\Dropbox\\dev\\43_RSSchool\\st3react\\rs-react-app\\src\\components\\DetailsPanel.tsx","all":false,"statementMap":{"0":{"start":{"line":1,"column":0},"end":{"line":1,"column":51}},"1":{"start":{"line":2,"column":0},"end":{"line":2,"column":56}},"3":{"start":{"line":4,"column":0},"end":{"line":4,"column":47}},"5":{"start":{"line":6,"column":0},"end":{"line":6,"column":38}},"6":{"start":{"line":7,"column":0},"end":{"line":7,"column":72}},"7":{"start":{"line":8,"column":0},"end":{"line":8,"column":48}},"8":{"start":{"line":9,"column":0},"end":{"line":9,"column":60}},"9":{"start":{"line":10,"column":0},"end":{"line":10,"column":45}},"11":{"start":{"line":12,"column":0},"end":{"line":12,"column":19}},"12":{"start":{"line":13,"column":0},"end":{"line":13,"column":17}},"13":{"start":{"line":14,"column":0},"end":{"line":14,"column":23}},"14":{"start":{"line":15,"column":0},"end":{"line":15,"column":65}},"15":{"start":{"line":16,"column":0},"end":{"line":16,"column":27}},"16":{"start":{"line":17,"column":0},"end":{"line":17,"column":24}},"17":{"start":{"line":18,"column":0},"end":{"line":18,"column":48}},"18":{"start":{"line":19,"column":0},"end":{"line":19,"column":32}},"19":{"start":{"line":20,"column":0},"end":{"line":20,"column":12}},"20":{"start":{"line":21,"column":0},"end":{"line":21,"column":16}},"21":{"start":{"line":22,"column":0},"end":{"line":22,"column":42}},"22":{"start":{"line":23,"column":0},"end":{"line":23,"column":9}},"23":{"start":{"line":24,"column":0},"end":{"line":24,"column":26}},"24":{"start":{"line":25,"column":0},"end":{"line":25,"column":9}},"25":{"start":{"line":26,"column":0},"end":{"line":26,"column":12}},"26":{"start":{"line":27,"column":0},"end":{"line":27,"column":23}},"27":{"start":{"line":28,"column":0},"end":{"line":28,"column":5}},"28":{"start":{"line":29,"column":0},"end":{"line":29,"column":15}},"30":{"start":{"line":31,"column":0},"end":{"line":31,"column":29}},"31":{"start":{"line":32,"column":0},"end":{"line":32,"column":56}},"32":{"start":{"line":33,"column":0},"end":{"line":33,"column":32}},"33":{"start":{"line":34,"column":0},"end":{"line":34,"column":31}},"34":{"start":{"line":35,"column":0},"end":{"line":35,"column":4}},"36":{"start":{"line":37,"column":0},"end":{"line":37,"column":55}},"37":{"start":{"line":38,"column":0},"end":{"line":38,"column":39}},"38":{"start":{"line":39,"column":0},"end":{"line":39,"column":20}},"39":{"start":{"line":40,"column":0},"end":{"line":40,"column":5}},"40":{"start":{"line":41,"column":0},"end":{"line":41,"column":4}},"42":{"start":{"line":43,"column":0},"end":{"line":43,"column":27}},"44":{"start":{"line":45,"column":0},"end":{"line":45,"column":10}},"45":{"start":{"line":46,"column":0},"end":{"line":46,"column":64}},"46":{"start":{"line":47,"column":0},"end":{"line":47,"column":39}},"47":{"start":{"line":48,"column":0},"end":{"line":48,"column":63}},"49":{"start":{"line":50,"column":0},"end":{"line":50,"column":17}},"50":{"start":{"line":51,"column":0},"end":{"line":51,"column":20}},"51":{"start":{"line":52,"column":0},"end":{"line":52,"column":33}},"52":{"start":{"line":53,"column":0},"end":{"line":53,"column":23}},"53":{"start":{"line":54,"column":0},"end":{"line":54,"column":55}},"55":{"start":{"line":56,"column":0},"end":{"line":56,"column":44}},"57":{"start":{"line":58,"column":0},"end":{"line":58,"column":14}},"58":{"start":{"line":59,"column":0},"end":{"line":59,"column":10}},"60":{"start":{"line":61,"column":0},"end":{"line":61,"column":2}},"62":{"start":{"line":63,"column":0},"end":{"line":63,"column":28}}},"s":{"0":1,"1":1,"3":1,"5":1,"6":3,"7":3,"8":3,"9":3,"11":3,"12":2,"13":1,"14":1,"15":0,"16":0,"17":0,"18":0,"19":0,"20":0,"21":0,"22":0,"23":0,"24":1,"25":1,"26":1,"27":1,"28":3,"30":3,"31":0,"32":0,"33":0,"34":0,"36":3,"37":0,"38":0,"39":0,"40":0,"42":3,"44":2,"45":2,"46":2,"47":2,"49":2,"50":2,"51":1,"52":1,"53":0,"55":1,"57":3,"58":3,"60":3,"62":1},"branchMap":{"0":{"type":"branch","line":6,"loc":{"start":{"line":6,"column":31},"end":{"line":61,"column":2}},"locations":[{"start":{"line":6,"column":31},"end":{"line":61,"column":2}}]},"1":{"type":"branch","line":43,"loc":{"start":{"line":43,"column":15},"end":{"line":43,"column":27}},"locations":[{"start":{"line":43,"column":15},"end":{"line":43,"column":27}}]},"2":{"type":"branch","line":43,"loc":{"start":{"line":43,"column":22},"end":{"line":51,"column":20}},"locations":[{"start":{"line":43,"column":22},"end":{"line":51,"column":20}}]},"3":{"type":"branch","line":51,"loc":{"start":{"line":51,"column":9},"end":{"line":52,"column":33}},"locations":[{"start":{"line":51,"column":9},"end":{"line":52,"column":33}}]},"4":{"type":"branch","line":52,"loc":{"start":{"line":52,"column":26},"end":{"line":56,"column":44}},"locations":[{"start":{"line":52,"column":26},"end":{"line":56,"column":44}}]},"5":{"type":"branch","line":53,"loc":{"start":{"line":53,"column":12},"end":{"line":54,"column":55}},"locations":[{"start":{"line":53,"column":12},"end":{"line":54,"column":55}}]},"6":{"type":"branch","line":12,"loc":{"start":{"line":12,"column":12},"end":{"line":29,"column":5}},"locations":[{"start":{"line":12,"column":12},"end":{"line":29,"column":5}}]},"7":{"type":"branch","line":13,"loc":{"start":{"line":13,"column":16},"end":{"line":28,"column":5}},"locations":[{"start":{"line":13,"column":16},"end":{"line":28,"column":5}}]}},"b":{"0":[3],"1":[1],"2":[2],"3":[1],"4":[1],"5":[0],"6":[2],"7":[1]},"fnMap":{"0":{"name":"DetailsPanel","decl":{"start":{"line":6,"column":31},"end":{"line":61,"column":2}},"loc":{"start":{"line":6,"column":31},"end":{"line":61,"column":2}},"line":6},"1":{"name":"handleClose","decl":{"start":{"line":31,"column":22},"end":{"line":35,"column":4}},"loc":{"start":{"line":31,"column":22},"end":{"line":35,"column":4}},"line":31},"2":{"name":"handleOverlayClick","decl":{"start":{"line":37,"column":29},"end":{"line":41,"column":4}},"loc":{"start":{"line":37,"column":29},"end":{"line":41,"column":4}},"line":37}},"f":{"0":3,"1":0,"2":0}}
,"E:\\Dropbox\\dev\\43_RSSchool\\st3react\\rs-react-app\\src\\components\\ErrorBoundary.tsx": {"path":"E:\\Dropbox\\dev\\43_RSSchool\\st3react\\rs-react-app\\src\\components\\ErrorBoundary.tsx","all":false,"statementMap":{"0":{"start":{"line":1,"column":0},"end":{"line":1,"column":26}},"11":{"start":{"line":12,"column":0},"end":{"line":12,"column":44}},"14":{"start":{"line":15,"column":0},"end":{"line":15,"column":3}},"15":{"start":{"line":16,"column":0},"end":{"line":16,"column":63}},"17":{"start":{"line":18,"column":0},"end":{"line":18,"column":63}},"18":{"start":{"line":19,"column":0},"end":{"line":19,"column":19}},"19":{"start":{"line":20,"column":0},"end":{"line":20,"column":19}},"20":{"start":{"line":21,"column":0},"end":{"line":21,"column":27}},"21":{"start":{"line":22,"column":0},"end":{"line":22,"column":7}},"22":{"start":{"line":23,"column":0},"end":{"line":23,"column":3}},"24":{"start":{"line":25,"column":0},"end":{"line":25,"column":12}},"25":{"start":{"line":26,"column":0},"end":{"line":26,"column":31}},"26":{"start":{"line":27,"column":0},"end":{"line":27,"column":14}},"27":{"start":{"line":28,"column":0},"end":{"line":28,"column":13}},"28":{"start":{"line":29,"column":0},"end":{"line":29,"column":65}},"29":{"start":{"line":30,"column":0},"end":{"line":30,"column":13}},"30":{"start":{"line":31,"column":0},"end":{"line":31,"column":61}},"31":{"start":{"line":32,"column":0},"end":{"line":32,"column":18}},"32":{"start":{"line":33,"column":0},"end":{"line":33,"column":49}},"33":{"start":{"line":34,"column":0},"end":{"line":34,"column":14}},"34":{"start":{"line":35,"column":0},"end":{"line":35,"column":78}},"35":{"start":{"line":36,"column":0},"end":{"line":36,"column":14}},"37":{"start":{"line":38,"column":0},"end":{"line":38,"column":5}},"39":{"start":{"line":40,"column":0},"end":{"line":40,"column":31}},"40":{"start":{"line":41,"column":0},"end":{"line":41,"column":3}},"41":{"start":{"line":42,"column":0},"end":{"line":42,"column":1}},"43":{"start":{"line":44,"column":0},"end":{"line":44,"column":29}}},"s":{"0":1,"11":1,"14":1,"15":5,"17":5,"18":2,"19":2,"20":2,"21":2,"22":2,"24":5,"25":7,"26":2,"27":2,"28":2,"29":2,"30":2,"31":2,"32":2,"33":2,"34":2,"35":2,"37":2,"39":5,"40":7,"41":5,"43":1},"branchMap":{"0":{"type":"branch","line":15,"loc":{"start":{"line":15,"column":2},"end":{"line":42,"column":1}},"locations":[{"start":{"line":15,"column":2},"end":{"line":42,"column":1}}]},"1":{"type":"branch","line":18,"loc":{"start":{"line":18,"column":2},"end":{"line":23,"column":3}},"locations":[{"start":{"line":18,"column":2},"end":{"line":23,"column":3}}]},"2":{"type":"branch","line":25,"loc":{"start":{"line":25,"column":2},"end":{"line":41,"column":3}},"locations":[{"start":{"line":25,"column":2},"end":{"line":41,"column":3}}]},"3":{"type":"branch","line":26,"loc":{"start":{"line":26,"column":30},"end":{"line":38,"column":5}},"locations":[{"start":{"line":26,"column":30},"end":{"line":38,"column":5}}]},"4":{"type":"branch","line":38,"loc":{"start":{"line":38,"column":4},"end":{"line":40,"column":31}},"locations":[{"start":{"line":38,"column":4},"end":{"line":40,"column":31}}]},"5":{"type":"branch","line":35,"loc":{"start":{"line":35,"column":27},"end":{"line":35,"column":59}},"locations":[{"start":{"line":35,"column":27},"end":{"line":35,"column":59}}]}},"b":{"0":[5],"1":[2],"2":[7],"3":[2],"4":[5],"5":[1]},"fnMap":{"0":{"name":"<instance_members_initializer>","decl":{"start":{"line":15,"column":2},"end":{"line":42,"column":1}},"loc":{"start":{"line":15,"column":2},"end":{"line":42,"column":1}},"line":15},"1":{"name":"componentDidCatch","decl":{"start":{"line":18,"column":2},"end":{"line":23,"column":3}},"loc":{"start":{"line":18,"column":2},"end":{"line":23,"column":3}},"line":18},"2":{"name":"render","decl":{"start":{"line":25,"column":2},"end":{"line":41,"column":3}},"loc":{"start":{"line":25,"column":2},"end":{"line":41,"column":3}},"line":25},"3":{"name":"onClick","decl":{"start":{"line":35,"column":27},"end":{"line":35,"column":59}},"loc":{"start":{"line":35,"column":27},"end":{"line":35,"column":59}},"line":35}},"f":{"0":5,"1":2,"2":7,"3":1}}
,"E:\\Dropbox\\dev\\43_RSSchool\\st3react\\rs-react-app\\src\\components\\Footer.tsx": {"path":"E:\\Dropbox\\dev\\43_RSSchool\\st3react\\rs-react-app\\src\\components\\Footer.tsx","all":false,"statementMap":{"5":{"start":{"line":6,"column":0},"end":{"line":6,"column":56}},"6":{"start":{"line":7,"column":0},"end":{"line":7,"column":10}},"7":{"start":{"line":8,"column":0},"end":{"line":8,"column":31}},"8":{"start":{"line":9,"column":0},"end":{"line":9,"column":58}},"10":{"start":{"line":11,"column":0},"end":{"line":11,"column":15}},"11":{"start":{"line":12,"column":0},"end":{"line":12,"column":13}},"13":{"start":{"line":14,"column":0},"end":{"line":14,"column":2}},"15":{"start":{"line":16,"column":0},"end":{"line":16,"column":22}}},"s":{"5":1,"6":34,"7":34,"8":34,"10":34,"11":34,"13":34,"15":1},"branchMap":{"0":{"type":"branch","line":6,"loc":{"start":{"line":6,"column":38},"end":{"line":14,"column":2}},"locations":[{"start":{"line":6,"column":38},"end":{"line":14,"column":2}}]}},"b":{"0":[34]},"fnMap":{"0":{"name":"Footer","decl":{"start":{"line":6,"column":38},"end":{"line":14,"column":2}},"loc":{"start":{"line":6,"column":38},"end":{"line":14,"column":2}},"line":6}},"f":{"0":34}}
,"E:\\Dropbox\\dev\\43_RSSchool\\st3react\\rs-react-app\\src\\components\\Layout.tsx": {"path":"E:\\Dropbox\\dev\\43_RSSchool\\st3react\\rs-react-app\\src\\components\\Layout.tsx","all":false,"statementMap":{"0":{"start":{"line":1,"column":0},"end":{"line":1,"column":51}},"1":{"start":{"line":2,"column":0},"end":{"line":2,"column":40}},"2":{"start":{"line":3,"column":0},"end":{"line":3,"column":44}},"3":{"start":{"line":4,"column":0},"end":{"line":4,"column":30}},"4":{"start":{"line":5,"column":0},"end":{"line":5,"column":70}},"5":{"start":{"line":6,"column":0},"end":{"line":6,"column":56}},"7":{"start":{"line":8,"column":0},"end":{"line":8,"column":72}},"23":{"start":{"line":24,"column":0},"end":{"line":24,"column":19}},"24":{"start":{"line":25,"column":0},"end":{"line":25,"column":76}},"26":{"start":{"line":27,"column":0},"end":{"line":27,"column":63}},"27":{"start":{"line":28,"column":0},"end":{"line":28,"column":33}},"28":{"start":{"line":29,"column":0},"end":{"line":29,"column":31}},"29":{"start":{"line":30,"column":0},"end":{"line":30,"column":16}},"30":{"start":{"line":31,"column":0},"end":{"line":31,"column":19}},"31":{"start":{"line":32,"column":0},"end":{"line":32,"column":23}},"32":{"start":{"line":33,"column":0},"end":{"line":33,"column":19}},"33":{"start":{"line":34,"column":0},"end":{"line":34,"column":18}},"34":{"start":{"line":35,"column":0},"end":{"line":35,"column":5}},"36":{"start":{"line":37,"column":0},"end":{"line":37,"column":48}},"38":{"start":{"line":39,"column":0},"end":{"line":39,"column":57}},"39":{"start":{"line":40,"column":0},"end":{"line":40,"column":39}},"40":{"start":{"line":41,"column":0},"end":{"line":41,"column":5}},"42":{"start":{"line":43,"column":0},"end":{"line":43,"column":59}},"43":{"start":{"line":44,"column":0},"end":{"line":44,"column":21}},"44":{"start":{"line":45,"column":0},"end":{"line":45,"column":24}},"45":{"start":{"line":46,"column":0},"end":{"line":46,"column":25}},"46":{"start":{"line":47,"column":0},"end":{"line":47,"column":7}},"47":{"start":{"line":48,"column":0},"end":{"line":48,"column":36}},"48":{"start":{"line":49,"column":0},"end":{"line":49,"column":19}},"49":{"start":{"line":50,"column":0},"end":{"line":50,"column":18}},"50":{"start":{"line":51,"column":0},"end":{"line":51,"column":20}},"51":{"start":{"line":52,"column":0},"end":{"line":52,"column":8}},"53":{"start":{"line":54,"column":0},"end":{"line":54,"column":16}},"54":{"start":{"line":55,"column":0},"end":{"line":55,"column":41}},"55":{"start":{"line":56,"column":0},"end":{"line":56,"column":28}},"56":{"start":{"line":57,"column":0},"end":{"line":57,"column":40}},"57":{"start":{"line":58,"column":0},"end":{"line":58,"column":23}},"58":{"start":{"line":59,"column":0},"end":{"line":59,"column":25}},"59":{"start":{"line":60,"column":0},"end":{"line":60,"column":40}},"60":{"start":{"line":61,"column":0},"end":{"line":61,"column":41}},"61":{"start":{"line":62,"column":0},"end":{"line":62,"column":48}},"62":{"start":{"line":63,"column":0},"end":{"line":63,"column":12}},"63":{"start":{"line":64,"column":0},"end":{"line":64,"column":8}},"64":{"start":{"line":65,"column":0},"end":{"line":65,"column":25}},"65":{"start":{"line":66,"column":0},"end":{"line":66,"column":45}},"66":{"start":{"line":67,"column":0},"end":{"line":67,"column":40}},"67":{"start":{"line":68,"column":0},"end":{"line":68,"column":23}},"68":{"start":{"line":69,"column":0},"end":{"line":69,"column":25}},"69":{"start":{"line":70,"column":0},"end":{"line":70,"column":53}},"70":{"start":{"line":71,"column":0},"end":{"line":71,"column":12}},"71":{"start":{"line":72,"column":0},"end":{"line":72,"column":9}},"72":{"start":{"line":73,"column":0},"end":{"line":73,"column":4}},"74":{"start":{"line":75,"column":0},"end":{"line":75,"column":19}},"75":{"start":{"line":76,"column":0},"end":{"line":76,"column":63}},"76":{"start":{"line":77,"column":0},"end":{"line":77,"column":56}},"78":{"start":{"line":79,"column":0},"end":{"line":79,"column":78}},"79":{"start":{"line":80,"column":0},"end":{"line":80,"column":59}},"80":{"start":{"line":81,"column":0},"end":{"line":81,"column":4}},"82":{"start":{"line":83,"column":0},"end":{"line":83,"column":30}},"83":{"start":{"line":84,"column":0},"end":{"line":84,"column":50}},"84":{"start":{"line":85,"column":0},"end":{"line":85,"column":39}},"85":{"start":{"line":86,"column":0},"end":{"line":86,"column":36}},"86":{"start":{"line":87,"column":0},"end":{"line":87,"column":19}},"87":{"start":{"line":88,"column":0},"end":{"line":88,"column":29}},"88":{"start":{"line":89,"column":0},"end":{"line":89,"column":21}},"89":{"start":{"line":90,"column":0},"end":{"line":90,"column":8}},"90":{"start":{"line":91,"column":0},"end":{"line":91,"column":4}},"92":{"start":{"line":93,"column":0},"end":{"line":93,"column":46}},"93":{"start":{"line":94,"column":0},"end":{"line":94,"column":73}},"94":{"start":{"line":95,"column":0},"end":{"line":95,"column":4}},"96":{"start":{"line":97,"column":0},"end":{"line":97,"column":63}},"98":{"start":{"line":99,"column":0},"end":{"line":99,"column":29}},"99":{"start":{"line":100,"column":0},"end":{"line":100,"column":73}},"100":{"start":{"line":101,"column":0},"end":{"line":101,"column":4}},"102":{"start":{"line":103,"column":0},"end":{"line":103,"column":20}},"103":{"start":{"line":104,"column":0},"end":{"line":104,"column":34}},"104":{"start":{"line":105,"column":0},"end":{"line":105,"column":3}},"106":{"start":{"line":107,"column":0},"end":{"line":107,"column":10}},"107":{"start":{"line":108,"column":0},"end":{"line":108,"column":6}},"108":{"start":{"line":109,"column":0},"end":{"line":109,"column":18}},"109":{"start":{"line":110,"column":0},"end":{"line":110,"column":47}},"110":{"start":{"line":111,"column":0},"end":{"line":111,"column":43}},"111":{"start":{"line":112,"column":0},"end":{"line":112,"column":31}},"112":{"start":{"line":113,"column":0},"end":{"line":113,"column":8}},"113":{"start":{"line":114,"column":0},"end":{"line":114,"column":14}},"114":{"start":{"line":115,"column":0},"end":{"line":115,"column":14}},"115":{"start":{"line":116,"column":0},"end":{"line":116,"column":17}},"116":{"start":{"line":117,"column":0},"end":{"line":117,"column":19}},"117":{"start":{"line":118,"column":0},"end":{"line":118,"column":26}},"118":{"start":{"line":119,"column":0},"end":{"line":119,"column":29}},"119":{"start":{"line":120,"column":0},"end":{"line":120,"column":31}},"120":{"start":{"line":121,"column":0},"end":{"line":121,"column":27}},"121":{"start":{"line":122,"column":0},"end":{"line":122,"column":51}},"122":{"start":{"line":123,"column":0},"end":{"line":123,"column":49}},"123":{"start":{"line":124,"column":0},"end":{"line":124,"column":45}},"124":{"start":{"line":125,"column":0},"end":{"line":125,"column":14}},"126":{"start":{"line":127,"column":0},"end":{"line":127,"column":17}},"127":{"start":{"line":128,"column":0},"end":{"line":128,"column":15}},"128":{"start":{"line":129,"column":0},"end":{"line":129,"column":16}},"129":{"start":{"line":130,"column":0},"end":{"line":130,"column":38}},"130":{"start":{"line":131,"column":0},"end":{"line":131,"column":7}},"132":{"start":{"line":133,"column":0},"end":{"line":133,"column":1}},"134":{"start":{"line":135,"column":0},"end":{"line":135,"column":22}}},"s":{"0":1,"1":1,"2":1,"3":1,"4":1,"5":1,"7":1,"23":32,"24":32,"26":32,"27":32,"28":32,"29":32,"30":32,"31":32,"32":32,"33":32,"34":32,"36":32,"38":32,"39":32,"40":32,"42":32,"43":8,"44":8,"45":8,"46":8,"47":8,"48":8,"49":8,"50":8,"51":8,"53":8,"54":8,"55":8,"56":4,"57":4,"58":4,"59":4,"60":4,"61":4,"62":4,"63":8,"64":8,"65":2,"66":2,"67":2,"68":2,"69":2,"70":2,"71":8,"72":8,"74":32,"75":8,"76":32,"78":32,"79":4,"80":4,"82":32,"83":4,"84":4,"85":4,"86":4,"87":4,"88":4,"89":4,"90":4,"92":32,"93":0,"94":0,"96":32,"98":32,"99":0,"100":0,"102":32,"103":0,"104":0,"106":31,"107":31,"108":31,"109":31,"110":31,"111":31,"112":31,"113":31,"114":31,"115":31,"116":31,"117":31,"118":31,"119":31,"120":31,"121":31,"122":31,"123":31,"124":31,"126":31,"127":31,"128":31,"129":31,"130":31,"132":31,"134":1},"branchMap":{"0":{"type":"branch","line":24,"loc":{"start":{"line":24,"column":0},"end":{"line":133,"column":1}},"locations":[{"start":{"line":24,"column":0},"end":{"line":133,"column":1}}]},"1":{"type":"branch","line":103,"loc":{"start":{"line":103,"column":19},"end":{"line":105,"column":3}},"locations":[{"start":{"line":103,"column":19},"end":{"line":105,"column":3}}]},"2":{"type":"branch","line":105,"loc":{"start":{"line":105,"column":2},"end":{"line":133,"column":1}},"locations":[{"start":{"line":105,"column":2},"end":{"line":133,"column":1}}]},"3":{"type":"branch","line":43,"loc":{"start":{"line":43,"column":20},"end":{"line":73,"column":4}},"locations":[{"start":{"line":43,"column":20},"end":{"line":73,"column":4}}]},"4":{"type":"branch","line":48,"loc":{"start":{"line":48,"column":19},"end":{"line":52,"column":6}},"locations":[{"start":{"line":48,"column":19},"end":{"line":52,"column":6}}]},"5":{"type":"branch","line":56,"loc":{"start":{"line":56,"column":12},"end":{"line":64,"column":7}},"locations":[{"start":{"line":56,"column":12},"end":{"line":64,"column":7}}]},"6":{"type":"branch","line":57,"loc":{"start":{"line":57,"column":23},"end":{"line":63,"column":10}},"locations":[{"start":{"line":57,"column":23},"end":{"line":63,"column":10}}]},"7":{"type":"branch","line":60,"loc":{"start":{"line":60,"column":29},"end":{"line":60,"column":40}},"locations":[{"start":{"line":60,"column":29},"end":{"line":60,"column":40}}]},"8":{"type":"branch","line":62,"loc":{"start":{"line":62,"column":32},"end":{"line":62,"column":48}},"locations":[{"start":{"line":62,"column":32},"end":{"line":62,"column":48}}]},"9":{"type":"branch","line":65,"loc":{"start":{"line":65,"column":13},"end":{"line":72,"column":7}},"locations":[{"start":{"line":65,"column":13},"end":{"line":72,"column":7}}]},"10":{"type":"branch","line":67,"loc":{"start":{"line":67,"column":23},"end":{"line":71,"column":10}},"locations":[{"start":{"line":67,"column":23},"end":{"line":71,"column":10}}]},"11":{"type":"branch","line":75,"loc":{"start":{"line":75,"column":12},"end":{"line":77,"column":5}},"locations":[{"start":{"line":75,"column":12},"end":{"line":77,"column":5}}]},"12":{"type":"branch","line":79,"loc":{"start":{"line":79,"column":29},"end":{"line":81,"column":4}},"locations":[{"start":{"line":79,"column":29},"end":{"line":81,"column":4}}]},"13":{"type":"branch","line":83,"loc":{"start":{"line":83,"column":23},"end":{"line":91,"column":4}},"locations":[{"start":{"line":83,"column":23},"end":{"line":91,"column":4}}]},"14":{"type":"branch","line":86,"loc":{"start":{"line":86,"column":19},"end":{"line":90,"column":6}},"locations":[{"start":{"line":86,"column":19},"end":{"line":90,"column":6}}]}},"b":{"0":[32],"1":[0],"2":[31],"3":[8],"4":[8],"5":[4],"6":[4],"7":[0],"8":[2],"9":[2],"10":[2],"11":[8],"12":[4],"13":[4],"14":[4]},"fnMap":{"0":{"name":"Layout","decl":{"start":{"line":24,"column":0},"end":{"line":133,"column":1}},"loc":{"start":{"line":24,"column":0},"end":{"line":133,"column":1}},"line":24},"1":{"name":"fetchData","decl":{"start":{"line":43,"column":20},"end":{"line":73,"column":4}},"loc":{"start":{"line":43,"column":20},"end":{"line":73,"column":4}},"line":43},"2":{"name":"handleSearchChange","decl":{"start":{"line":79,"column":29},"end":{"line":81,"column":4}},"loc":{"start":{"line":79,"column":29},"end":{"line":81,"column":4}},"line":79},"3":{"name":"handleSearch","decl":{"start":{"line":83,"column":23},"end":{"line":91,"column":4}},"loc":{"start":{"line":83,"column":23},"end":{"line":91,"column":4}},"line":83},"4":{"name":"handlePageChange","decl":{"start":{"line":93,"column":27},"end":{"line":95,"column":4}},"loc":{"start":{"line":93,"column":27},"end":{"line":95,"column":4}},"line":93},"5":{"name":"handleCrash","decl":{"start":{"line":99,"column":22},"end":{"line":101,"column":4}},"loc":{"start":{"line":99,"column":22},"end":{"line":101,"column":4}},"line":99}},"f":{"0":32,"1":8,"2":4,"3":4,"4":0,"5":0}}
,"E:\\Dropbox\\dev\\43_RSSchool\\st3react\\rs-react-app\\src\\components\\NotFound.tsx": {"path":"E:\\Dropbox\\dev\\43_RSSchool\\st3react\\rs-react-app\\src\\components\\NotFound.tsx","all":false,"statementMap":{"0":{"start":{"line":1,"column":0},"end":{"line":1,"column":36}},"2":{"start":{"line":3,"column":0},"end":{"line":3,"column":24}},"3":{"start":{"line":4,"column":0},"end":{"line":4,"column":10}},"4":{"start":{"line":5,"column":0},"end":{"line":5,"column":6}},"5":{"start":{"line":6,"column":0},"end":{"line":6,"column":37}},"6":{"start":{"line":7,"column":0},"end":{"line":7,"column":27}},"7":{"start":{"line":8,"column":0},"end":{"line":8,"column":38}},"8":{"start":{"line":9,"column":0},"end":{"line":9,"column":29}},"9":{"start":{"line":10,"column":0},"end":{"line":10,"column":19}},"10":{"start":{"line":11,"column":0},"end":{"line":11,"column":32}},"11":{"start":{"line":12,"column":0},"end":{"line":12,"column":13}},"12":{"start":{"line":13,"column":0},"end":{"line":13,"column":7}},"14":{"start":{"line":15,"column":0},"end":{"line":15,"column":2}},"16":{"start":{"line":17,"column":0},"end":{"line":17,"column":24}}},"s":{"0":1,"2":1,"3":2,"4":2,"5":2,"6":2,"7":2,"8":2,"9":2,"10":2,"11":2,"12":2,"14":2,"16":1},"branchMap":{"0":{"type":"branch","line":3,"loc":{"start":{"line":3,"column":17},"end":{"line":15,"column":2}},"locations":[{"start":{"line":3,"column":17},"end":{"line":15,"column":2}}]}},"b":{"0":[2]},"fnMap":{"0":{"name":"NotFound","decl":{"start":{"line":3,"column":17},"end":{"line":15,"column":2}},"loc":{"start":{"line":3,"column":17},"end":{"line":15,"column":2}},"line":3}},"f":{"0":2}}
,"E:\\Dropbox\\dev\\43_RSSchool\\st3react\\rs-react-app\\src\\components\\Pagination.tsx": {"path":"E:\\Dropbox\\dev\\43_RSSchool\\st3react\\rs-react-app\\src\\components\\Pagination.tsx","all":false,"statementMap":{"7":{"start":{"line":8,"column":0},"end":{"line":8,"column":32}},"8":{"start":{"line":9,"column":0},"end":{"line":9,"column":20}},"10":{"start":{"line":11,"column":0},"end":{"line":11,"column":57}},"11":{"start":{"line":12,"column":0},"end":{"line":12,"column":30}},"13":{"start":{"line":14,"column":0},"end":{"line":14,"column":76}},"14":{"start":{"line":15,"column":0},"end":{"line":15,"column":43}},"16":{"start":{"line":17,"column":0},"end":{"line":17,"column":74}},"17":{"start":{"line":18,"column":0},"end":{"line":18,"column":44}},"18":{"start":{"line":19,"column":0},"end":{"line":19,"column":63}},"19":{"start":{"line":20,"column":0},"end":{"line":20,"column":3}},"21":{"start":{"line":22,"column":0},"end":{"line":22,"column":40}},"23":{"start":{"line":24,"column":0},"end":{"line":24,"column":46}},"24":{"start":{"line":25,"column":0},"end":{"line":25,"column":22}},"25":{"start":{"line":26,"column":0},"end":{"line":26,"column":3}},"27":{"start":{"line":28,"column":0},"end":{"line":28,"column":57}},"28":{"start":{"line":29,"column":0},"end":{"line":29,"column":68}},"30":{"start":{"line":31,"column":0},"end":{"line":31,"column":46}},"31":{"start":{"line":32,"column":0},"end":{"line":32,"column":18}},"32":{"start":{"line":33,"column":0},"end":{"line":33,"column":3}},"34":{"start":{"line":35,"column":0},"end":{"line":35,"column":57}},"35":{"start":{"line":36,"column":0},"end":{"line":36,"column":22}},"36":{"start":{"line":37,"column":0},"end":{"line":37,"column":3}},"38":{"start":{"line":39,"column":0},"end":{"line":39,"column":25}},"40":{"start":{"line":41,"column":0},"end":{"line":41,"column":15}},"41":{"start":{"line":42,"column":0},"end":{"line":42,"column":2}},"43":{"start":{"line":44,"column":0},"end":{"line":44,"column":48}},"44":{"start":{"line":45,"column":0},"end":{"line":45,"column":14}},"45":{"start":{"line":46,"column":0},"end":{"line":46,"column":13}},"46":{"start":{"line":47,"column":0},"end":{"line":47,"column":15}},"47":{"start":{"line":48,"column":0},"end":{"line":48,"column":7}},"48":{"start":{"line":49,"column":0},"end":{"line":49,"column":24}},"49":{"start":{"line":50,"column":0},"end":{"line":50,"column":16}},"50":{"start":{"line":51,"column":0},"end":{"line":51,"column":3}},"52":{"start":{"line":53,"column":0},"end":{"line":53,"column":67}},"53":{"start":{"line":54,"column":0},"end":{"line":54,"column":10}},"54":{"start":{"line":55,"column":0},"end":{"line":55,"column":38}},"55":{"start":{"line":56,"column":0},"end":{"line":56,"column":33}},"56":{"start":{"line":57,"column":0},"end":{"line":57,"column":49}},"57":{"start":{"line":58,"column":0},"end":{"line":58,"column":54}},"58":{"start":{"line":59,"column":0},"end":{"line":59,"column":37}},"59":{"start":{"line":60,"column":0},"end":{"line":60,"column":60}},"61":{"start":{"line":62,"column":0},"end":{"line":62,"column":21}},"62":{"start":{"line":63,"column":0},"end":{"line":63,"column":53}},"63":{"start":{"line":64,"column":0},"end":{"line":64,"column":60}},"64":{"start":{"line":65,"column":0},"end":{"line":65,"column":19}},"65":{"start":{"line":66,"column":0},"end":{"line":66,"column":66}},"67":{"start":{"line":68,"column":0},"end":{"line":68,"column":28}},"68":{"start":{"line":69,"column":0},"end":{"line":69,"column":23}},"70":{"start":{"line":71,"column":0},"end":{"line":71,"column":15}},"71":{"start":{"line":72,"column":0},"end":{"line":72,"column":11}},"72":{"start":{"line":73,"column":0},"end":{"line":73,"column":11}},"73":{"start":{"line":74,"column":0},"end":{"line":74,"column":10}},"75":{"start":{"line":76,"column":0},"end":{"line":76,"column":2}},"77":{"start":{"line":78,"column":0},"end":{"line":78,"column":26}}},"s":{"7":1,"8":1,"10":1,"11":1,"13":1,"14":1,"16":1,"17":5,"18":4,"19":4,"21":1,"23":1,"24":1,"25":1,"27":1,"28":1,"30":4,"31":5,"32":5,"34":1,"35":1,"36":1,"38":1,"40":1,"41":1,"43":1,"44":6,"45":6,"46":6,"47":6,"48":6,"49":1,"50":1,"52":5,"53":5,"54":5,"55":5,"56":5,"57":26,"58":26,"59":2,"61":24,"62":24,"63":24,"64":24,"65":24,"67":24,"68":24,"70":26,"71":5,"72":5,"73":5,"75":5,"77":1},"branchMap":{"0":{"type":"branch","line":11,"loc":{"start":{"line":11,"column":33},"end":{"line":12,"column":30}},"locations":[{"start":{"line":11,"column":33},"end":{"line":12,"column":30}}]},"1":{"type":"branch","line":14,"loc":{"start":{"line":14,"column":32},"end":{"line":15,"column":43}},"locations":[{"start":{"line":14,"column":32},"end":{"line":15,"column":43}}]},"2":{"type":"branch","line":17,"loc":{"start":{"line":17,"column":28},"end":{"line":42,"column":2}},"locations":[{"start":{"line":17,"column":28},"end":{"line":42,"column":2}}]},"3":{"type":"branch","line":18,"loc":{"start":{"line":18,"column":43},"end":{"line":42,"column":2}},"locations":[{"start":{"line":18,"column":43},"end":{"line":42,"column":2}}]},"4":{"type":"branch","line":20,"loc":{"start":{"line":20,"column":2},"end":{"line":31,"column":45}},"locations":[{"start":{"line":20,"column":2},"end":{"line":31,"column":45}}]},"5":{"type":"branch","line":31,"loc":{"start":{"line":31,"column":45},"end":{"line":33,"column":3}},"locations":[{"start":{"line":31,"column":45},"end":{"line":33,"column":3}}]},"6":{"type":"branch","line":33,"loc":{"start":{"line":33,"column":2},"end":{"line":42,"column":2}},"locations":[{"start":{"line":33,"column":2},"end":{"line":42,"column":2}}]},"7":{"type":"branch","line":19,"loc":{"start":{"line":19,"column":46},"end":{"line":19,"column":61}},"locations":[{"start":{"line":19,"column":46},"end":{"line":19,"column":61}}]},"8":{"type":"branch","line":44,"loc":{"start":{"line":44,"column":46},"end":{"line":76,"column":2}},"locations":[{"start":{"line":44,"column":46},"end":{"line":76,"column":2}}]},"9":{"type":"branch","line":49,"loc":{"start":{"line":49,"column":23},"end":{"line":51,"column":3}},"locations":[{"start":{"line":49,"column":23},"end":{"line":51,"column":3}}]},"10":{"type":"branch","line":51,"loc":{"start":{"line":51,"column":2},"end":{"line":76,"column":2}},"locations":[{"start":{"line":51,"column":2},"end":{"line":76,"column":2}}]},"11":{"type":"branch","line":57,"loc":{"start":{"line":57,"column":25},"end":{"line":71,"column":15}},"locations":[{"start":{"line":57,"column":25},"end":{"line":71,"column":15}}]},"12":{"type":"branch","line":59,"loc":{"start":{"line":59,"column":28},"end":{"line":60,"column":60}},"locations":[{"start":{"line":59,"column":28},"end":{"line":60,"column":60}}]},"13":{"type":"branch","line":60,"loc":{"start":{"line":60,"column":53},"end":{"line":69,"column":23}},"locations":[{"start":{"line":60,"column":53},"end":{"line":69,"column":23}}]},"14":{"type":"branch","line":64,"loc":{"start":{"line":64,"column":34},"end":{"line":64,"column":58}},"locations":[{"start":{"line":64,"column":34},"end":{"line":64,"column":58}}]},"15":{"type":"branch","line":64,"loc":{"start":{"line":64,"column":47},"end":{"line":64,"column":60}},"locations":[{"start":{"line":64,"column":47},"end":{"line":64,"column":60}}]},"16":{"type":"branch","line":66,"loc":{"start":{"line":66,"column":25},"end":{"line":66,"column":66}},"locations":[{"start":{"line":66,"column":25},"end":{"line":66,"column":66}}]}},"b":{"0":[1],"1":[1],"2":[5],"3":[4],"4":[1],"5":[5],"6":[1],"7":[17],"8":[6],"9":[1],"10":[5],"11":[26],"12":[2],"13":[24],"14":[5],"15":[19],"16":[1]},"fnMap":{"0":{"name":"shouldShowEllipsisBefore","decl":{"start":{"line":11,"column":33},"end":{"line":12,"column":30}},"loc":{"start":{"line":11,"column":33},"end":{"line":12,"column":30}},"line":11},"1":{"name":"shouldShowEllipsisAfter","decl":{"start":{"line":14,"column":32},"end":{"line":15,"column":43}},"loc":{"start":{"line":14,"column":32},"end":{"line":15,"column":43}},"line":14},"2":{"name":"generatePageNumbers","decl":{"start":{"line":17,"column":28},"end":{"line":42,"column":2}},"loc":{"start":{"line":17,"column":28},"end":{"line":42,"column":2}},"line":17},"3":{"name":"Pagination","decl":{"start":{"line":44,"column":46},"end":{"line":76,"column":2}},"loc":{"start":{"line":44,"column":46},"end":{"line":76,"column":2}},"line":44},"4":{"name":"onClick","decl":{"start":{"line":66,"column":25},"end":{"line":66,"column":66}},"loc":{"start":{"line":66,"column":25},"end":{"line":66,"column":66}},"line":66}},"f":{"0":1,"1":1,"2":5,"3":6,"4":1}}
,"E:\\Dropbox\\dev\\43_RSSchool\\st3react\\rs-react-app\\src\\components\\SearchInput.tsx": {"path":"E:\\Dropbox\\dev\\43_RSSchool\\st3react\\rs-react-app\\src\\components\\SearchInput.tsx","all":false,"statementMap":{"8":{"start":{"line":9,"column":0},"end":{"line":9,"column":50}},"9":{"start":{"line":10,"column":0},"end":{"line":10,"column":13}},"10":{"start":{"line":11,"column":0},"end":{"line":11,"column":17}},"11":{"start":{"line":12,"column":0},"end":{"line":12,"column":11}},"12":{"start":{"line":13,"column":0},"end":{"line":13,"column":7}},"13":{"start":{"line":14,"column":0},"end":{"line":14,"column":52}},"14":{"start":{"line":15,"column":0},"end":{"line":15,"column":27}},"15":{"start":{"line":16,"column":0},"end":{"line":16,"column":15}},"16":{"start":{"line":17,"column":0},"end":{"line":17,"column":4}},"18":{"start":{"line":19,"column":0},"end":{"line":19,"column":10}},"19":{"start":{"line":20,"column":0},"end":{"line":20,"column":6}},"20":{"start":{"line":21,"column":0},"end":{"line":21,"column":40}},"21":{"start":{"line":22,"column":0},"end":{"line":22,"column":48}},"22":{"start":{"line":23,"column":0},"end":{"line":23,"column":69}},"23":{"start":{"line":24,"column":0},"end":{"line":24,"column":16}},"24":{"start":{"line":25,"column":0},"end":{"line":25,"column":43}},"25":{"start":{"line":26,"column":0},"end":{"line":26,"column":23}},"26":{"start":{"line":27,"column":0},"end":{"line":27,"column":30}},"27":{"start":{"line":28,"column":0},"end":{"line":28,"column":37}},"28":{"start":{"line":29,"column":0},"end":{"line":29,"column":12}},"29":{"start":{"line":30,"column":0},"end":{"line":30,"column":65}},"31":{"start":{"line":32,"column":0},"end":{"line":32,"column":19}},"32":{"start":{"line":33,"column":0},"end":{"line":33,"column":15}},"33":{"start":{"line":34,"column":0},"end":{"line":34,"column":15}},"34":{"start":{"line":35,"column":0},"end":{"line":35,"column":7}},"36":{"start":{"line":37,"column":0},"end":{"line":37,"column":2}},"38":{"start":{"line":39,"column":0},"end":{"line":39,"column":27}}},"s":{"8":1,"9":34,"10":34,"11":34,"12":34,"13":34,"14":4,"15":4,"16":4,"18":34,"19":34,"20":34,"21":34,"22":34,"23":34,"24":34,"25":34,"26":34,"27":34,"28":34,"29":34,"31":34,"32":34,"33":34,"34":34,"36":34,"38":1},"branchMap":{"0":{"type":"branch","line":9,"loc":{"start":{"line":9,"column":48},"end":{"line":37,"column":2}},"locations":[{"start":{"line":9,"column":48},"end":{"line":37,"column":2}}]},"1":{"type":"branch","line":14,"loc":{"start":{"line":14,"column":23},"end":{"line":17,"column":4}},"locations":[{"start":{"line":14,"column":23},"end":{"line":17,"column":4}}]}},"b":{"0":[34],"1":[4]},"fnMap":{"0":{"name":"SearchInput","decl":{"start":{"line":9,"column":48},"end":{"line":37,"column":2}},"loc":{"start":{"line":9,"column":48},"end":{"line":37,"column":2}},"line":9},"1":{"name":"handleSubmit","decl":{"start":{"line":14,"column":23},"end":{"line":17,"column":4}},"loc":{"start":{"line":14,"column":23},"end":{"line":17,"column":4}},"line":14}},"f":{"0":34,"1":4}}
,"E:\\Dropbox\\dev\\43_RSSchool\\st3react\\rs-react-app\\src\\components\\SearchResults.tsx": {"path":"E:\\Dropbox\\dev\\43_RSSchool\\st3react\\rs-react-app\\src\\components\\SearchResults.tsx","all":false,"statementMap":{"2":{"start":{"line":3,"column":0},"end":{"line":3,"column":38}},"3":{"start":{"line":4,"column":0},"end":{"line":4,"column":38}},"4":{"start":{"line":5,"column":0},"end":{"line":5,"column":34}},"15":{"start":{"line":16,"column":0},"end":{"line":16,"column":53}},"16":{"start":{"line":17,"column":0},"end":{"line":17,"column":8}},"17":{"start":{"line":18,"column":0},"end":{"line":18,"column":10}},"18":{"start":{"line":19,"column":0},"end":{"line":19,"column":8}},"19":{"start":{"line":20,"column":0},"end":{"line":20,"column":14}},"20":{"start":{"line":21,"column":0},"end":{"line":21,"column":13}},"21":{"start":{"line":22,"column":0},"end":{"line":22,"column":15}},"22":{"start":{"line":23,"column":0},"end":{"line":23,"column":7}},"23":{"start":{"line":24,"column":0},"end":{"line":24,"column":10}},"24":{"start":{"line":25,"column":0},"end":{"line":25,"column":37}},"25":{"start":{"line":26,"column":0},"end":{"line":26,"column":56}},"26":{"start":{"line":27,"column":0},"end":{"line":27,"column":36}},"27":{"start":{"line":28,"column":0},"end":{"line":28,"column":17}},"28":{"start":{"line":29,"column":0},"end":{"line":29,"column":11}},"29":{"start":{"line":30,"column":0},"end":{"line":30,"column":78}},"30":{"start":{"line":31,"column":0},"end":{"line":31,"column":12}},"32":{"start":{"line":33,"column":0},"end":{"line":33,"column":76}},"33":{"start":{"line":34,"column":0},"end":{"line":34,"column":51}},"34":{"start":{"line":35,"column":0},"end":{"line":35,"column":10}},"35":{"start":{"line":36,"column":0},"end":{"line":36,"column":36}},"36":{"start":{"line":37,"column":0},"end":{"line":37,"column":20}},"37":{"start":{"line":38,"column":0},"end":{"line":38,"column":21}},"38":{"start":{"line":39,"column":0},"end":{"line":39,"column":37}},"39":{"start":{"line":40,"column":0},"end":{"line":40,"column":35}},"40":{"start":{"line":41,"column":0},"end":{"line":41,"column":39}},"41":{"start":{"line":42,"column":0},"end":{"line":42,"column":12}},"42":{"start":{"line":43,"column":0},"end":{"line":43,"column":11}},"44":{"start":{"line":45,"column":0},"end":{"line":45,"column":11}},"46":{"start":{"line":47,"column":0},"end":{"line":47,"column":2}},"48":{"start":{"line":49,"column":0},"end":{"line":49,"column":28}}},"s":{"2":1,"3":1,"4":1,"15":1,"16":32,"17":32,"18":32,"19":32,"20":32,"21":32,"22":32,"23":32,"24":32,"25":32,"26":32,"27":32,"28":1,"29":1,"30":1,"32":32,"33":32,"34":1,"35":1,"36":1,"37":1,"38":1,"39":1,"40":1,"41":1,"42":1,"44":32,"46":32,"48":1},"branchMap":{"0":{"type":"branch","line":16,"loc":{"start":{"line":16,"column":51},"end":{"line":47,"column":2}},"locations":[{"start":{"line":16,"column":51},"end":{"line":47,"column":2}}]},"1":{"type":"branch","line":27,"loc":{"start":{"line":27,"column":7},"end":{"line":27,"column":36}},"locations":[{"start":{"line":27,"column":7},"end":{"line":27,"column":36}}]},"2":{"type":"branch","line":28,"loc":{"start":{"line":28,"column":7},"end":{"line":31,"column":12}},"locations":[{"start":{"line":28,"column":7},"end":{"line":31,"column":12}}]},"3":{"type":"branch","line":30,"loc":{"start":{"line":30,"column":40},"end":{"line":30,"column":78}},"locations":[{"start":{"line":30,"column":40},"end":{"line":30,"column":78}}]},"4":{"type":"branch","line":33,"loc":{"start":{"line":33,"column":8},"end":{"line":33,"column":29}},"locations":[{"start":{"line":33,"column":8},"end":{"line":33,"column":29}}]},"5":{"type":"branch","line":33,"loc":{"start":{"line":33,"column":20},"end":{"line":33,"column":52}},"locations":[{"start":{"line":33,"column":20},"end":{"line":33,"column":52}}]},"6":{"type":"branch","line":33,"loc":{"start":{"line":33,"column":47},"end":{"line":33,"column":76}},"locations":[{"start":{"line":33,"column":47},"end":{"line":33,"column":76}}]},"7":{"type":"branch","line":34,"loc":{"start":{"line":34,"column":8},"end":{"line":34,"column":29}},"locations":[{"start":{"line":34,"column":8},"end":{"line":34,"column":29}}]},"8":{"type":"branch","line":34,"loc":{"start":{"line":34,"column":20},"end":{"line":34,"column":51}},"locations":[{"start":{"line":34,"column":20},"end":{"line":34,"column":51}}]},"9":{"type":"branch","line":34,"loc":{"start":{"line":34,"column":45},"end":{"line":43,"column":11}},"locations":[{"start":{"line":34,"column":45},"end":{"line":43,"column":11}}]}},"b":{"0":[32],"1":[24],"2":[1],"3":[0],"4":[7],"5":[6],"6":[5],"7":[7],"8":[6],"9":[1]},"fnMap":{"0":{"name":"SearchResult","decl":{"start":{"line":16,"column":51},"end":{"line":47,"column":2}},"loc":{"start":{"line":16,"column":51},"end":{"line":47,"column":2}},"line":16}},"f":{"0":32}}
}
